[ 2016-05-07T02:50:34+08:00 ] 127.0.0.1 /
NOTIC: [8192] mysql_connect(): The mysql extension is deprecated and will be removed in the future: use mysqli or PDO instead D:\wamp\www\we\Public\Conf\config.php 第 9 行.
INFO: [ app_begin ] --START--
INFO: ReadHtmlCache Behavior ::run [ RunTime:0.004001s ]
INFO: [ app_begin ] --END-- [ RunTime:0.006001s ]
NOTIC: [8] Undefined index: debug D:\wamp\www\we\Application\Lib\Action\App\IndexAction.class.php 第 5 行.
NOTIC: [8] Undefined index: uid D:\wamp\www\we\Application\Lib\Action\App\IndexAction.class.php 第 58 行.

[ 2016-05-07T02:50:34+08:00 ] 127.0.0.1 /index.php?g=App&m=Member&a=login
NOTIC: [8192] mysql_connect(): The mysql extension is deprecated and will be removed in the future: use mysqli or PDO instead D:\wamp\www\we\Public\Conf\config.php 第 9 行.
INFO: [ app_begin ] --START--
INFO: ReadHtmlCache Behavior ::run [ RunTime:0.003000s ]
INFO: [ app_begin ] --END-- [ RunTime:0.005000s ]
INFO: [ view_parse ] --START--
NOTIC: [8192] preg_replace(): The /e modifier is deprecated, use preg_replace_callback instead D:\wamp\www\we\Core\Lib\Template\ThinkTemplate.class.php 第 545 行.
NOTIC: [8192] preg_replace(): The /e modifier is deprecated, use preg_replace_callback instead D:\wamp\www\we\Core\Lib\Template\ThinkTemplate.class.php 第 335 行.
NOTIC: [8192] preg_replace(): The /e modifier is deprecated, use preg_replace_callback instead D:\wamp\www\we\Core\Lib\Template\ThinkTemplate.class.php 第 807 行.
NOTIC: [8192] preg_replace(): The /e modifier is deprecated, use preg_replace_callback instead D:\wamp\www\we\Core\Lib\Template\ThinkTemplate.class.php 第 807 行.
NOTIC: [8192] preg_replace(): The /e modifier is deprecated, use preg_replace_callback instead D:\wamp\www\we\Core\Lib\Template\ThinkTemplate.class.php 第 807 行.
NOTIC: [8192] preg_replace(): The /e modifier is deprecated, use preg_replace_callback instead D:\wamp\www\we\Core\Lib\Template\ThinkTemplate.class.php 第 807 行.
NOTIC: [8192] preg_replace(): The /e modifier is deprecated, use preg_replace_callback instead D:\wamp\www\we\Core\Lib\Template\ThinkTemplate.class.php 第 807 行.
NOTIC: [8192] preg_replace(): The /e modifier is deprecated, use preg_replace_callback instead D:\wamp\www\we\Core\Lib\Template\ThinkTemplate.class.php 第 807 行.
NOTIC: [8192] preg_replace(): The /e modifier is deprecated, use preg_replace_callback instead D:\wamp\www\we\Core\Lib\Template\ThinkTemplate.class.php 第 807 行.
NOTIC: [8192] preg_replace(): The /e modifier is deprecated, use preg_replace_callback instead D:\wamp\www\we\Core\Lib\Template\ThinkTemplate.class.php 第 807 行.
NOTIC: [8192] preg_replace(): The /e modifier is deprecated, use preg_replace_callback instead D:\wamp\www\we\Core\Lib\Template\ThinkTemplate.class.php 第 807 行.
NOTIC: [8192] preg_replace(): The /e modifier is deprecated, use preg_replace_callback instead D:\wamp\www\we\Core\Lib\Template\ThinkTemplate.class.php 第 807 行.
NOTIC: [8192] preg_replace(): The /e modifier is deprecated, use preg_replace_callback instead D:\wamp\www\we\Core\Lib\Template\ThinkTemplate.class.php 第 807 行.
NOTIC: [8192] preg_replace(): The /e modifier is deprecated, use preg_replace_callback instead D:\wamp\www\we\Core\Lib\Template\ThinkTemplate.class.php 第 807 行.
NOTIC: [8192] preg_replace(): The /e modifier is deprecated, use preg_replace_callback instead D:\wamp\www\we\Core\Lib\Template\ThinkTemplate.class.php 第 797 行.
NOTIC: [8192] preg_replace(): The /e modifier is deprecated, use preg_replace_callback instead D:\wamp\www\we\Core\Lib\Template\ThinkTemplate.class.php 第 797 行.
NOTIC: [8192] preg_replace(): The /e modifier is deprecated, use preg_replace_callback instead D:\wamp\www\we\Core\Lib\Template\ThinkTemplate.class.php 第 807 行.
NOTIC: [8192] preg_replace(): The /e modifier is deprecated, use preg_replace_callback instead D:\wamp\www\we\Core\Lib\Template\ThinkTemplate.class.php 第 807 行.
NOTIC: [8192] preg_replace(): The /e modifier is deprecated, use preg_replace_callback instead D:\wamp\www\we\Core\Lib\Template\ThinkTemplate.class.php 第 807 行.
NOTIC: [8192] preg_replace(): The /e modifier is deprecated, use preg_replace_callback instead D:\wamp\www\we\Core\Lib\Template\ThinkTemplate.class.php 第 797 行.
NOTIC: [8192] preg_replace(): The /e modifier is deprecated, use preg_replace_callback instead D:\wamp\www\we\Core\Lib\Template\ThinkTemplate.class.php 第 807 行.
NOTIC: [8192] preg_replace(): The /e modifier is deprecated, use preg_replace_callback instead D:\wamp\www\we\Core\Lib\Template\ThinkTemplate.class.php 第 807 行.
NOTIC: [8192] preg_replace(): The /e modifier is deprecated, use preg_replace_callback instead D:\wamp\www\we\Core\Lib\Template\ThinkTemplate.class.php 第 807 行.
NOTIC: [8192] preg_replace(): The /e modifier is deprecated, use preg_replace_callback instead D:\wamp\www\we\Core\Lib\Template\ThinkTemplate.class.php 第 807 行.
NOTIC: [8192] preg_replace(): The /e modifier is deprecated, use preg_replace_callback instead D:\wamp\www\we\Core\Lib\Template\ThinkTemplate.class.php 第 807 行.
NOTIC: [8192] preg_replace(): The /e modifier is deprecated, use preg_replace_callback instead D:\wamp\www\we\Core\Lib\Template\ThinkTemplate.class.php 第 807 行.
NOTIC: [8192] preg_replace(): The /e modifier is deprecated, use preg_replace_callback instead D:\wamp\www\we\Core\Lib\Template\ThinkTemplate.class.php 第 807 行.
NOTIC: [8192] preg_replace(): The /e modifier is deprecated, use preg_replace_callback instead D:\wamp\www\we\Core\Lib\Template\ThinkTemplate.class.php 第 807 行.
NOTIC: [8192] preg_replace(): The /e modifier is deprecated, use preg_replace_callback instead D:\wamp\www\we\Core\Lib\Template\ThinkTemplate.class.php 第 807 行.
NOTIC: [8192] preg_replace(): The /e modifier is deprecated, use preg_replace_callback instead D:\wamp\www\we\Core\Lib\Template\ThinkTemplate.class.php 第 807 行.
NOTIC: [8192] preg_replace(): The /e modifier is deprecated, use preg_replace_callback instead D:\wamp\www\we\Core\Lib\Template\ThinkTemplate.class.php 第 807 行.
NOTIC: [8192] preg_replace(): The /e modifier is deprecated, use preg_replace_callback instead D:\wamp\www\we\Core\Lib\Template\ThinkTemplate.class.php 第 807 行.
NOTIC: [8192] preg_replace(): The /e modifier is deprecated, use preg_replace_callback instead D:\wamp\www\we\Core\Lib\Template\ThinkTemplate.class.php 第 807 行.
NOTIC: [8192] preg_replace(): The /e modifier is deprecated, use preg_replace_callback instead D:\wamp\www\we\Core\Lib\Template\ThinkTemplate.class.php 第 807 行.
NOTIC: [8192] preg_replace(): The /e modifier is deprecated, use preg_replace_callback instead D:\wamp\www\we\Core\Lib\Template\ThinkTemplate.class.php 第 807 行.
NOTIC: [8192] preg_replace(): The /e modifier is deprecated, use preg_replace_callback instead D:\wamp\www\we\Core\Lib\Template\ThinkTemplate.class.php 第 807 行.
NOTIC: [8192] preg_replace(): The /e modifier is deprecated, use preg_replace_callback instead D:\wamp\www\we\Core\Lib\Template\ThinkTemplate.class.php 第 807 行.
NOTIC: [8192] preg_replace(): The /e modifier is deprecated, use preg_replace_callback instead D:\wamp\www\we\Core\Lib\Template\ThinkTemplate.class.php 第 807 行.
NOTIC: [8192] preg_replace(): The /e modifier is deprecated, use preg_replace_callback instead D:\wamp\www\we\Core\Lib\Template\ThinkTemplate.class.php 第 807 行.
NOTIC: [8192] preg_replace(): The /e modifier is deprecated, use preg_replace_callback instead D:\wamp\www\we\Core\Lib\Template\ThinkTemplate.class.php 第 807 行.
NOTIC: [8192] preg_replace(): The /e modifier is deprecated, use preg_replace_callback instead D:\wamp\www\we\Core\Lib\Template\ThinkTemplate.class.php 第 807 行.
NOTIC: [8192] preg_replace(): The /e modifier is deprecated, use preg_replace_callback instead D:\wamp\www\we\Core\Lib\Template\ThinkTemplate.class.php 第 807 行.
NOTIC: [8192] preg_replace(): The /e modifier is deprecated, use preg_replace_callback instead D:\wamp\www\we\Core\Lib\Template\ThinkTemplate.class.php 第 807 行.
NOTIC: [8192] preg_replace(): The /e modifier is deprecated, use preg_replace_callback instead D:\wamp\www\we\Core\Lib\Template\ThinkTemplate.class.php 第 807 行.
NOTIC: [8192] preg_replace(): The /e modifier is deprecated, use preg_replace_callback instead D:\wamp\www\we\Core\Lib\Template\ThinkTemplate.class.php 第 807 行.
NOTIC: [8192] preg_replace(): The /e modifier is deprecated, use preg_replace_callback instead D:\wamp\www\we\Core\Lib\Template\ThinkTemplate.class.php 第 807 行.
NOTIC: [8192] preg_replace(): The /e modifier is deprecated, use preg_replace_callback instead D:\wamp\www\we\Core\Lib\Template\ThinkTemplate.class.php 第 807 行.
NOTIC: [8192] preg_replace(): The /e modifier is deprecated, use preg_replace_callback instead D:\wamp\www\we\Core\Lib\Template\ThinkTemplate.class.php 第 807 行.
NOTIC: [8192] preg_replace(): The /e modifier is deprecated, use preg_replace_callback instead D:\wamp\www\we\Core\Lib\Template\ThinkTemplate.class.php 第 807 行.
NOTIC: [8192] preg_replace(): The /e modifier is deprecated, use preg_replace_callback instead D:\wamp\www\we\Core\Lib\Template\ThinkTemplate.class.php 第 807 行.
NOTIC: [8192] preg_replace(): The /e modifier is deprecated, use preg_replace_callback instead D:\wamp\www\we\Core\Lib\Template\ThinkTemplate.class.php 第 807 行.
NOTIC: [8192] preg_replace(): The /e modifier is deprecated, use preg_replace_callback instead D:\wamp\www\we\Core\Lib\Template\ThinkTemplate.class.php 第 807 行.
NOTIC: [8192] preg_replace(): The /e modifier is deprecated, use preg_replace_callback instead D:\wamp\www\we\Core\Lib\Template\ThinkTemplate.class.php 第 807 行.
NOTIC: [8192] preg_replace(): The /e modifier is deprecated, use preg_replace_callback instead D:\wamp\www\we\Core\Lib\Template\ThinkTemplate.class.php 第 807 行.
NOTIC: [8192] preg_replace(): The /e modifier is deprecated, use preg_replace_callback instead D:\wamp\www\we\Core\Lib\Template\ThinkTemplate.class.php 第 807 行.
NOTIC: [8192] preg_replace(): The /e modifier is deprecated, use preg_replace_callback instead D:\wamp\www\we\Core\Lib\Template\ThinkTemplate.class.php 第 807 行.
NOTIC: [8192] preg_replace(): The /e modifier is deprecated, use preg_replace_callback instead D:\wamp\www\we\Core\Lib\Template\ThinkTemplate.class.php 第 807 行.
NOTIC: [8192] preg_replace(): The /e modifier is deprecated, use preg_replace_callback instead D:\wamp\www\we\Core\Lib\Template\ThinkTemplate.class.php 第 807 行.
NOTIC: [8192] preg_replace(): The /e modifier is deprecated, use preg_replace_callback instead D:\wamp\www\we\Core\Lib\Template\ThinkTemplate.class.php 第 807 行.
NOTIC: [8192] preg_replace(): The /e modifier is deprecated, use preg_replace_callback instead D:\wamp\www\we\Core\Lib\Template\ThinkTemplate.class.php 第 807 行.
NOTIC: [8192] preg_replace(): The /e modifier is deprecated, use preg_replace_callback instead D:\wamp\www\we\Core\Lib\Template\ThinkTemplate.class.php 第 807 行.
NOTIC: [8192] preg_replace(): The /e modifier is deprecated, use preg_replace_callback instead D:\wamp\www\we\Core\Lib\Template\ThinkTemplate.class.php 第 807 行.
NOTIC: [8192] preg_replace(): The /e modifier is deprecated, use preg_replace_callback instead D:\wamp\www\we\Core\Lib\Template\ThinkTemplate.class.php 第 807 行.
NOTIC: [8192] preg_replace(): The /e modifier is deprecated, use preg_replace_callback instead D:\wamp\www\we\Core\Lib\Template\ThinkTemplate.class.php 第 807 行.
NOTIC: [8192] preg_replace(): The /e modifier is deprecated, use preg_replace_callback instead D:\wamp\www\we\Core\Lib\Template\ThinkTemplate.class.php 第 807 行.
NOTIC: [8192] preg_replace(): The /e modifier is deprecated, use preg_replace_callback instead D:\wamp\www\we\Core\Lib\Template\ThinkTemplate.class.php 第 807 行.
NOTIC: [8192] preg_replace(): The /e modifier is deprecated, use preg_replace_callback instead D:\wamp\www\we\Core\Lib\Template\ThinkTemplate.class.php 第 807 行.
NOTIC: [8192] preg_replace(): The /e modifier is deprecated, use preg_replace_callback instead D:\wamp\www\we\Core\Lib\Template\ThinkTemplate.class.php 第 807 行.
NOTIC: [8192] preg_replace(): The /e modifier is deprecated, use preg_replace_callback instead D:\wamp\www\we\Core\Lib\Template\ThinkTemplate.class.php 第 807 行.
NOTIC: [8192] preg_replace(): The /e modifier is deprecated, use preg_replace_callback instead D:\wamp\www\we\Core\Lib\Template\ThinkTemplate.class.php 第 807 行.
NOTIC: [8192] preg_replace(): The /e modifier is deprecated, use preg_replace_callback instead D:\wamp\www\we\Core\Lib\Template\ThinkTemplate.class.php 第 807 行.
NOTIC: [8192] preg_replace(): The /e modifier is deprecated, use preg_replace_callback instead D:\wamp\www\we\Core\Lib\Template\ThinkTemplate.class.php 第 807 行.
NOTIC: [8192] preg_replace(): The /e modifier is deprecated, use preg_replace_callback instead D:\wamp\www\we\Core\Lib\Template\ThinkTemplate.class.php 第 807 行.
NOTIC: [8192] preg_replace(): The /e modifier is deprecated, use preg_replace_callback instead D:\wamp\www\we\Core\Lib\Template\ThinkTemplate.class.php 第 807 行.
NOTIC: [8192] preg_replace(): The /e modifier is deprecated, use preg_replace_callback instead D:\wamp\www\we\Core\Lib\Template\ThinkTemplate.class.php 第 807 行.
NOTIC: [8192] preg_replace(): The /e modifier is deprecated, use preg_replace_callback instead D:\wamp\www\we\Core\Lib\Template\ThinkTemplate.class.php 第 807 行.
NOTIC: [8192] preg_replace(): The /e modifier is deprecated, use preg_replace_callback instead D:\wamp\www\we\Core\Lib\Template\ThinkTemplate.class.php 第 807 行.
NOTIC: [8192] preg_replace(): The /e modifier is deprecated, use preg_replace_callback instead D:\wamp\www\we\Core\Lib\Template\ThinkTemplate.class.php 第 807 行.
NOTIC: [8192] preg_replace(): The /e modifier is deprecated, use preg_replace_callback instead D:\wamp\www\we\Core\Lib\Template\ThinkTemplate.class.php 第 807 行.
NOTIC: [8192] preg_replace(): The /e modifier is deprecated, use preg_replace_callback instead D:\wamp\www\we\Core\Lib\Template\ThinkTemplate.class.php 第 807 行.
NOTIC: [8192] preg_replace(): The /e modifier is deprecated, use preg_replace_callback instead D:\wamp\www\we\Core\Lib\Template\ThinkTemplate.class.php 第 807 行.
NOTIC: [8192] preg_replace(): The /e modifier is deprecated, use preg_replace_callback instead D:\wamp\www\we\Core\Lib\Template\ThinkTemplate.class.php 第 807 行.
NOTIC: [8192] preg_replace(): The /e modifier is deprecated, use preg_replace_callback instead D:\wamp\www\we\Core\Lib\Template\ThinkTemplate.class.php 第 807 行.
NOTIC: [8192] preg_replace(): The /e modifier is deprecated, use preg_replace_callback instead D:\wamp\www\we\Core\Lib\Template\ThinkTemplate.class.php 第 807 行.
NOTIC: [8192] preg_replace(): The /e modifier is deprecated, use preg_replace_callback instead D:\wamp\www\we\Core\Lib\Template\ThinkTemplate.class.php 第 807 行.
NOTIC: [8192] preg_replace(): The /e modifier is deprecated, use preg_replace_callback instead D:\wamp\www\we\Core\Lib\Template\ThinkTemplate.class.php 第 807 行.
NOTIC: [8192] preg_replace(): The /e modifier is deprecated, use preg_replace_callback instead D:\wamp\www\we\Core\Lib\Template\ThinkTemplate.class.php 第 797 行.
NOTIC: [8192] preg_replace(): The /e modifier is deprecated, use preg_replace_callback instead D:\wamp\www\we\Core\Lib\Template\ThinkTemplate.class.php 第 797 行.
NOTIC: [8192] preg_replace(): The /e modifier is deprecated, use preg_replace_callback instead D:\wamp\www\we\Core\Lib\Template\ThinkTemplate.class.php 第 797 行.
NOTIC: [8192] preg_replace(): The /e modifier is deprecated, use preg_replace_callback instead D:\wamp\www\we\Core\Lib\Template\ThinkTemplate.class.php 第 797 行.
NOTIC: [8192] preg_replace(): The /e modifier is deprecated, use preg_replace_callback instead D:\wamp\www\we\Core\Lib\Template\ThinkTemplate.class.php 第 797 行.
NOTIC: [8192] preg_replace(): The /e modifier is deprecated, use preg_replace_callback instead D:\wamp\www\we\Core\Lib\Template\ThinkTemplate.class.php 第 797 行.
NOTIC: [8192] preg_replace(): The /e modifier is deprecated, use preg_replace_callback instead D:\wamp\www\we\Core\Lib\Template\ThinkTemplate.class.php 第 807 行.
NOTIC: [8192] preg_replace(): The /e modifier is deprecated, use preg_replace_callback instead D:\wamp\www\we\Core\Lib\Template\ThinkTemplate.class.php 第 807 行.
NOTIC: [8192] preg_replace(): The /e modifier is deprecated, use preg_replace_callback instead D:\wamp\www\we\Core\Lib\Template\ThinkTemplate.class.php 第 807 行.
NOTIC: [8192] preg_replace(): The /e modifier is deprecated, use preg_replace_callback instead D:\wamp\www\we\Core\Lib\Template\ThinkTemplate.class.php 第 393 行.
NOTIC: [8192] preg_replace(): The /e modifier is deprecated, use preg_replace_callback instead D:\wamp\www\we\Core\Lib\Template\ThinkTemplate.class.php 第 273 行.
INFO: ParseTemplate Behavior ::run [ RunTime:0.098006s ]
INFO: [ view_parse ] --END-- [ RunTime:0.099006s ]
INFO: [ view_filter ] --START--
INFO: ContentReplace Behavior ::run [ RunTime:0.003000s ]
INFO: TokenBuild Behavior ::run [ RunTime:0.005000s ]
INFO: WriteHtmlCache Behavior ::run [ RunTime:0.002000s ]
INFO: ShowRuntime Behavior ::run [ RunTime:0.003001s ]
INFO: [ view_filter ] --END-- [ RunTime:0.016001s ]
INFO: [ view_end ] --START--
INFO: ShowPageTrace Behavior ::run [ RunTime:0.002000s ]
INFO: [ view_end ] --END-- [ RunTime:0.004000s ]

[ 2016-05-07T23:59:53+08:00 ] 127.0.0.1 /
NOTIC: [8192] mysql_connect(): The mysql extension is deprecated and will be removed in the future: use mysqli or PDO instead D:\wamp\www\we\Public\Conf\config.php 第 9 行.
INFO: [ app_begin ] --START--
INFO: ReadHtmlCache Behavior ::run [ RunTime:0.016000s ]
INFO: [ app_begin ] --END-- [ RunTime:0.018001s ]
NOTIC: [8] Undefined index: debug D:\wamp\www\we\Application\Lib\Action\App\IndexAction.class.php 第 5 行.
NOTIC: [8] Undefined index: uid D:\wamp\www\we\Application\Lib\Action\App\IndexAction.class.php 第 58 行.

[ 2016-05-07T23:59:53+08:00 ] 127.0.0.1 /index.php?g=App&m=Member&a=login
NOTIC: [8192] mysql_connect(): The mysql extension is deprecated and will be removed in the future: use mysqli or PDO instead D:\wamp\www\we\Public\Conf\config.php 第 9 行.
INFO: [ app_begin ] --START--
INFO: ReadHtmlCache Behavior ::run [ RunTime:0.002001s ]
INFO: [ app_begin ] --END-- [ RunTime:0.003001s ]
INFO: [ view_parse ] --START--
INFO: ParseTemplate Behavior ::run [ RunTime:0.035002s ]
INFO: [ view_parse ] --END-- [ RunTime:0.036003s ]
INFO: [ view_filter ] --START--
INFO: ContentReplace Behavior ::run [ RunTime:0.003000s ]
INFO: TokenBuild Behavior ::run [ RunTime:0.009000s ]
INFO: WriteHtmlCache Behavior ::run [ RunTime:0.007001s ]
INFO: ShowRuntime Behavior ::run [ RunTime:0.010000s ]
INFO: [ view_filter ] --END-- [ RunTime:0.031001s ]
INFO: [ view_end ] --START--
INFO: ShowPageTrace Behavior ::run [ RunTime:0.003001s ]
INFO: [ view_end ] --END-- [ RunTime:0.003001s ]

